<?xml version="1.0" encoding="UTF-8"?>
<coverage generated="1695825813623" clover="3.2.0">
  <project timestamp="1695825813623" name="All files">
    <metrics statements="11" coveredstatements="9" conditionals="2" coveredconditionals="2" methods="6" coveredmethods="3" elements="19" coveredelements="14" complexity="0" loc="11" ncloc="11" packages="1" files="1" classes="1"/>
    <file name="asyncronusPromise.js" path="/home/mpfaezol/Documents/GO BACKEND/JavaScript Promise/asyncronus/asyncronusPromise.js">
      <metrics statements="11" coveredstatements="9" conditionals="2" coveredconditionals="2" methods="6" coveredmethods="3"/>
      <line num="1" count="2" type="stmt"/>
      <line num="2" count="2" type="stmt"/>
      <line num="3" count="2" type="stmt"/>
      <line num="4" count="2" type="cond" truecount="2" falsecount="0"/>
      <line num="5" count="1" type="stmt"/>
      <line num="6" count="1" type="stmt"/>
      <line num="8" count="1" type="stmt"/>
      <line num="12" count="1" type="stmt"/>
      <line num="13" count="0" type="stmt"/>
      <line num="14" count="0" type="stmt"/>
      <line num="16" count="1" type="stmt"/>
    </file>
  </project>
</coverage>
