<?xml version="1.0" encoding="UTF-8"?>
<coverage generated="1695938112091" clover="3.2.0">
  <project timestamp="1695938112092" name="All files">
    <metrics statements="40" coveredstatements="39" conditionals="9" coveredconditionals="8" methods="17" coveredmethods="16" elements="66" coveredelements="63" complexity="0" loc="40" ncloc="40" packages="1" files="2" classes="2"/>
    <file name="asynAwaitPromise.js" path="/home/mpfaezol/Documents/GO BACKEND/JavaScript Promise/asyncronus/asynAwaitPromise.js">
      <metrics statements="29" coveredstatements="29" conditionals="6" coveredconditionals="6" methods="11" coveredmethods="11"/>
      <line num="1" count="5" type="stmt"/>
      <line num="2" count="5" type="stmt"/>
      <line num="3" count="5" type="cond" truecount="2" falsecount="0"/>
      <line num="4" count="2" type="stmt"/>
      <line num="5" count="2" type="stmt"/>
      <line num="7" count="3" type="stmt"/>
      <line num="11" count="4" type="stmt"/>
      <line num="12" count="4" type="stmt"/>
      <line num="13" count="4" type="cond" truecount="2" falsecount="0"/>
      <line num="14" count="1" type="stmt"/>
      <line num="15" count="1" type="stmt"/>
      <line num="17" count="3" type="stmt"/>
      <line num="21" count="4" type="stmt"/>
      <line num="22" count="4" type="stmt"/>
      <line num="23" count="4" type="cond" truecount="2" falsecount="0"/>
      <line num="24" count="3" type="stmt"/>
      <line num="25" count="3" type="stmt"/>
      <line num="27" count="1" type="stmt"/>
      <line num="31" count="1" type="stmt"/>
      <line num="32" count="3" type="stmt"/>
      <line num="33" count="3" type="stmt"/>
      <line num="34" count="2" type="stmt"/>
      <line num="35" count="2" type="stmt"/>
      <line num="37" count="2" type="stmt"/>
      <line num="38" count="2" type="stmt"/>
      <line num="40" count="1" type="stmt"/>
      <line num="41" count="1" type="stmt"/>
      <line num="45" count="1" type="stmt"/>
      <line num="47" count="1" type="stmt"/>
    </file>
    <file name="asyncronusPromise.js" path="/home/mpfaezol/Documents/GO BACKEND/JavaScript Promise/asyncronus/asyncronusPromise.js">
      <metrics statements="11" coveredstatements="10" conditionals="3" coveredconditionals="2" methods="6" coveredmethods="5"/>
      <line num="1" count="3" type="stmt"/>
      <line num="2" count="3" type="stmt"/>
      <line num="3" count="3" type="stmt"/>
      <line num="4" count="3" type="cond" truecount="2" falsecount="0"/>
      <line num="5" count="2" type="stmt"/>
      <line num="6" count="2" type="stmt"/>
      <line num="8" count="1" type="stmt"/>
      <line num="12" count="1" type="cond" truecount="0" falsecount="1"/>
      <line num="13" count="0" type="stmt"/>
      <line num="14" count="1" type="stmt"/>
      <line num="16" count="1" type="stmt"/>
    </file>
  </project>
</coverage>
