{"/home/mpfaezol/Documents/GO BACKEND/JavaScript Promise/asyncronus/asyncronusPromise.js": {"path":"/home/mpfaezol/Documents/GO BACKEND/JavaScript Promise/asyncronus/asyncronusPromise.js","statementMap":{"0":{"start":{"line":1,"column":16},"end":{"line":10,"column":6}},"1":{"start":{"line":1,"column":31},"end":{"line":10,"column":6}},"2":{"start":{"line":2,"column":8},"end":{"line":9,"column":17}},"3":{"start":{"line":3,"column":25},"end":{"line":3,"column":66}},"4":{"start":{"line":4,"column":12},"end":{"line":7,"column":13}},"5":{"start":{"line":5,"column":16},"end":{"line":5,"column":58}},"6":{"start":{"line":6,"column":16},"end":{"line":6,"column":23}},"7":{"start":{"line":8,"column":12},"end":{"line":8,"column":26}},"8":{"start":{"line":12,"column":29},"end":{"line":14,"column":45}},"9":{"start":{"line":12,"column":35},"end":{"line":14,"column":45}},"10":{"start":{"line":13,"column":21},"end":{"line":13,"column":39}},"11":{"start":{"line":14,"column":20},"end":{"line":14,"column":44}},"12":{"start":{"line":16,"column":0},"end":{"line":16,"column":51}}},"fnMap":{"0":{"name":"(anonymous_0)","decl":{"start":{"line":1,"column":16},"end":{"line":1,"column":17}},"loc":{"start":{"line":1,"column":31},"end":{"line":10,"column":6}},"line":1},"1":{"name":"(anonymous_1)","decl":{"start":{"line":1,"column":43},"end":{"line":1,"column":44}},"loc":{"start":{"line":1,"column":64},"end":{"line":10,"column":5}},"line":1},"2":{"name":"(anonymous_2)","decl":{"start":{"line":2,"column":19},"end":{"line":2,"column":20}},"loc":{"start":{"line":2,"column":25},"end":{"line":9,"column":9}},"line":2},"3":{"name":"(anonymous_3)","decl":{"start":{"line":12,"column":29},"end":{"line":12,"column":30}},"loc":{"start":{"line":12,"column":35},"end":{"line":14,"column":45}},"line":12},"4":{"name":"(anonymous_4)","decl":{"start":{"line":13,"column":10},"end":{"line":13,"column":11}},"loc":{"start":{"line":13,"column":21},"end":{"line":13,"column":39}},"line":13},"5":{"name":"(anonymous_5)","decl":{"start":{"line":14,"column":11},"end":{"line":14,"column":12}},"loc":{"start":{"line":14,"column":20},"end":{"line":14,"column":44}},"line":14}},"branchMap":{"0":{"loc":{"start":{"line":4,"column":12},"end":{"line":7,"column":13}},"type":"if","locations":[{"start":{"line":4,"column":12},"end":{"line":7,"column":13}},{"start":{},"end":{}}],"line":4}},"s":{"0":1,"1":2,"2":2,"3":2,"4":2,"5":1,"6":1,"7":1,"8":1,"9":0,"10":0,"11":0,"12":1},"f":{"0":2,"1":2,"2":2,"3":0,"4":0,"5":0},"b":{"0":[1,1]},"_coverageSchema":"1a1c01bbd47fc00a2c39e90264f33305004495a9","hash":"dc2ef894ba008d10554fbf30a4db6ff4ef6babde"}
}
