{"/home/mpfaezol/Documents/GO BACKEND/JavaScript Promise/asyncronus/asynAwaitPromise.js": {"path":"/home/mpfaezol/Documents/GO BACKEND/JavaScript Promise/asyncronus/asynAwaitPromise.js","statementMap":{"0":{"start":{"line":1,"column":22},"end":{"line":9,"column":6}},"1":{"start":{"line":1,"column":33},"end":{"line":9,"column":6}},"2":{"start":{"line":2,"column":8},"end":{"line":8,"column":17}},"3":{"start":{"line":3,"column":12},"end":{"line":6,"column":13}},"4":{"start":{"line":4,"column":16},"end":{"line":4,"column":68}},"5":{"start":{"line":5,"column":16},"end":{"line":5,"column":23}},"6":{"start":{"line":7,"column":12},"end":{"line":7,"column":27}},"7":{"start":{"line":11,"column":25},"end":{"line":19,"column":2}},"8":{"start":{"line":11,"column":36},"end":{"line":19,"column":2}},"9":{"start":{"line":12,"column":8},"end":{"line":18,"column":17}},"10":{"start":{"line":13,"column":12},"end":{"line":16,"column":13}},"11":{"start":{"line":14,"column":16},"end":{"line":14,"column":81}},"12":{"start":{"line":15,"column":16},"end":{"line":15,"column":23}},"13":{"start":{"line":17,"column":12},"end":{"line":17,"column":26}},"14":{"start":{"line":21,"column":23},"end":{"line":29,"column":2}},"15":{"start":{"line":21,"column":35},"end":{"line":29,"column":2}},"16":{"start":{"line":22,"column":8},"end":{"line":28,"column":17}},"17":{"start":{"line":23,"column":12},"end":{"line":26,"column":13}},"18":{"start":{"line":24,"column":16},"end":{"line":24,"column":46}},"19":{"start":{"line":25,"column":16},"end":{"line":25,"column":23}},"20":{"start":{"line":27,"column":12},"end":{"line":27,"column":77}},"21":{"start":{"line":31,"column":25},"end":{"line":43,"column":1}},"22":{"start":{"line":32,"column":4},"end":{"line":42,"column":5}},"23":{"start":{"line":33,"column":25},"end":{"line":33,"column":51}},"24":{"start":{"line":34,"column":29},"end":{"line":34,"column":61}},"25":{"start":{"line":35,"column":32},"end":{"line":35,"column":66}},"26":{"start":{"line":37,"column":8},"end":{"line":37,"column":37}},"27":{"start":{"line":38,"column":8},"end":{"line":38,"column":31}},"28":{"start":{"line":40,"column":8},"end":{"line":40,"column":35}},"29":{"start":{"line":41,"column":8},"end":{"line":41,"column":29}},"30":{"start":{"line":45,"column":28},"end":{"line":45,"column":55}},"31":{"start":{"line":45,"column":34},"end":{"line":45,"column":55}},"32":{"start":{"line":47,"column":0},"end":{"line":53,"column":2}}},"fnMap":{"0":{"name":"(anonymous_0)","decl":{"start":{"line":1,"column":22},"end":{"line":1,"column":23}},"loc":{"start":{"line":1,"column":33},"end":{"line":9,"column":6}},"line":1},"1":{"name":"(anonymous_1)","decl":{"start":{"line":1,"column":45},"end":{"line":1,"column":46}},"loc":{"start":{"line":1,"column":66},"end":{"line":9,"column":5}},"line":1},"2":{"name":"(anonymous_2)","decl":{"start":{"line":2,"column":19},"end":{"line":2,"column":20}},"loc":{"start":{"line":2,"column":25},"end":{"line":8,"column":9}},"line":2},"3":{"name":"(anonymous_3)","decl":{"start":{"line":11,"column":25},"end":{"line":11,"column":26}},"loc":{"start":{"line":11,"column":36},"end":{"line":19,"column":2}},"line":11},"4":{"name":"(anonymous_4)","decl":{"start":{"line":11,"column":48},"end":{"line":11,"column":49}},"loc":{"start":{"line":11,"column":69},"end":{"line":19,"column":1}},"line":11},"5":{"name":"(anonymous_5)","decl":{"start":{"line":12,"column":19},"end":{"line":12,"column":20}},"loc":{"start":{"line":12,"column":25},"end":{"line":18,"column":9}},"line":12},"6":{"name":"(anonymous_6)","decl":{"start":{"line":21,"column":23},"end":{"line":21,"column":24}},"loc":{"start":{"line":21,"column":35},"end":{"line":29,"column":2}},"line":21},"7":{"name":"(anonymous_7)","decl":{"start":{"line":21,"column":47},"end":{"line":21,"column":48}},"loc":{"start":{"line":21,"column":68},"end":{"line":29,"column":1}},"line":21},"8":{"name":"(anonymous_8)","decl":{"start":{"line":22,"column":19},"end":{"line":22,"column":20}},"loc":{"start":{"line":22,"column":25},"end":{"line":28,"column":9}},"line":22},"9":{"name":"(anonymous_9)","decl":{"start":{"line":31,"column":25},"end":{"line":31,"column":26}},"loc":{"start":{"line":31,"column":42},"end":{"line":43,"column":1}},"line":31},"10":{"name":"(anonymous_10)","decl":{"start":{"line":45,"column":28},"end":{"line":45,"column":29}},"loc":{"start":{"line":45,"column":34},"end":{"line":45,"column":55}},"line":45}},"branchMap":{"0":{"loc":{"start":{"line":3,"column":12},"end":{"line":6,"column":13}},"type":"if","locations":[{"start":{"line":3,"column":12},"end":{"line":6,"column":13}},{"start":{},"end":{}}],"line":3},"1":{"loc":{"start":{"line":13,"column":12},"end":{"line":16,"column":13}},"type":"if","locations":[{"start":{"line":13,"column":12},"end":{"line":16,"column":13}},{"start":{},"end":{}}],"line":13},"2":{"loc":{"start":{"line":23,"column":12},"end":{"line":26,"column":13}},"type":"if","locations":[{"start":{"line":23,"column":12},"end":{"line":26,"column":13}},{"start":{},"end":{}}],"line":23}},"s":{"0":1,"1":5,"2":5,"3":5,"4":2,"5":2,"6":3,"7":1,"8":4,"9":4,"10":4,"11":1,"12":1,"13":3,"14":1,"15":4,"16":4,"17":4,"18":3,"19":3,"20":1,"21":1,"22":3,"23":3,"24":2,"25":2,"26":2,"27":2,"28":1,"29":1,"30":1,"31":1,"32":1},"f":{"0":5,"1":5,"2":5,"3":4,"4":4,"5":4,"6":4,"7":4,"8":4,"9":3,"10":1},"b":{"0":[2,3],"1":[1,3],"2":[3,1]},"_coverageSchema":"1a1c01bbd47fc00a2c39e90264f33305004495a9","hash":"0de70a3909c0a5499e900898c016ada051498ec8"}
,"/home/mpfaezol/Documents/GO BACKEND/JavaScript Promise/asyncronus/asyncronusPromise.js": {"path":"/home/mpfaezol/Documents/GO BACKEND/JavaScript Promise/asyncronus/asyncronusPromise.js","statementMap":{"0":{"start":{"line":1,"column":16},"end":{"line":10,"column":6}},"1":{"start":{"line":1,"column":31},"end":{"line":10,"column":6}},"2":{"start":{"line":2,"column":8},"end":{"line":9,"column":17}},"3":{"start":{"line":3,"column":25},"end":{"line":3,"column":66}},"4":{"start":{"line":4,"column":12},"end":{"line":7,"column":13}},"5":{"start":{"line":5,"column":16},"end":{"line":5,"column":58}},"6":{"start":{"line":6,"column":16},"end":{"line":6,"column":23}},"7":{"start":{"line":8,"column":12},"end":{"line":8,"column":26}},"8":{"start":{"line":12,"column":29},"end":{"line":14,"column":45}},"9":{"start":{"line":12,"column":48},"end":{"line":14,"column":45}},"10":{"start":{"line":13,"column":21},"end":{"line":13,"column":39}},"11":{"start":{"line":14,"column":20},"end":{"line":14,"column":44}},"12":{"start":{"line":16,"column":0},"end":{"line":16,"column":51}}},"fnMap":{"0":{"name":"(anonymous_0)","decl":{"start":{"line":1,"column":16},"end":{"line":1,"column":17}},"loc":{"start":{"line":1,"column":31},"end":{"line":10,"column":6}},"line":1},"1":{"name":"(anonymous_1)","decl":{"start":{"line":1,"column":43},"end":{"line":1,"column":44}},"loc":{"start":{"line":1,"column":64},"end":{"line":10,"column":5}},"line":1},"2":{"name":"(anonymous_2)","decl":{"start":{"line":2,"column":19},"end":{"line":2,"column":20}},"loc":{"start":{"line":2,"column":25},"end":{"line":9,"column":9}},"line":2},"3":{"name":"(anonymous_3)","decl":{"start":{"line":12,"column":29},"end":{"line":12,"column":30}},"loc":{"start":{"line":12,"column":48},"end":{"line":14,"column":45}},"line":12},"4":{"name":"(anonymous_4)","decl":{"start":{"line":13,"column":10},"end":{"line":13,"column":11}},"loc":{"start":{"line":13,"column":21},"end":{"line":13,"column":39}},"line":13},"5":{"name":"(anonymous_5)","decl":{"start":{"line":14,"column":11},"end":{"line":14,"column":12}},"loc":{"start":{"line":14,"column":20},"end":{"line":14,"column":44}},"line":14}},"branchMap":{"0":{"loc":{"start":{"line":4,"column":12},"end":{"line":7,"column":13}},"type":"if","locations":[{"start":{"line":4,"column":12},"end":{"line":7,"column":13}},{"start":{},"end":{}}],"line":4},"1":{"loc":{"start":{"line":12,"column":30},"end":{"line":12,"column":43}},"type":"default-arg","locations":[{"start":{"line":12,"column":38},"end":{"line":12,"column":43}}],"line":12}},"s":{"0":1,"1":3,"2":3,"3":3,"4":3,"5":2,"6":2,"7":1,"8":1,"9":1,"10":0,"11":1,"12":1},"f":{"0":3,"1":3,"2":3,"3":1,"4":0,"5":1},"b":{"0":[2,1],"1":[0]},"_coverageSchema":"1a1c01bbd47fc00a2c39e90264f33305004495a9","hash":"e642300c734f96a2de31f1eb5704de80b30c93d8"}
}
