TN:
SF:asyncronus/asynAwaitPromise.js
FN:1,(anonymous_0)
FN:1,(anonymous_1)
FN:2,(anonymous_2)
FN:11,(anonymous_3)
FN:11,(anonymous_4)
FN:12,(anonymous_5)
FN:21,(anonymous_6)
FN:21,(anonymous_7)
FN:22,(anonymous_8)
FN:31,(anonymous_9)
FN:45,(anonymous_10)
FNF:11
FNH:11
FNDA:5,(anonymous_0)
FNDA:5,(anonymous_1)
FNDA:5,(anonymous_2)
FNDA:4,(anonymous_3)
FNDA:4,(anonymous_4)
FNDA:4,(anonymous_5)
FNDA:4,(anonymous_6)
FNDA:4,(anonymous_7)
FNDA:4,(anonymous_8)
FNDA:3,(anonymous_9)
FNDA:1,(anonymous_10)
DA:1,5
DA:2,5
DA:3,5
DA:4,2
DA:5,2
DA:7,3
DA:11,4
DA:12,4
DA:13,4
DA:14,1
DA:15,1
DA:17,3
DA:21,4
DA:22,4
DA:23,4
DA:24,3
DA:25,3
DA:27,1
DA:31,1
DA:32,3
DA:33,3
DA:34,2
DA:35,2
DA:37,2
DA:38,2
DA:40,1
DA:41,1
DA:45,1
DA:47,1
LF:29
LH:29
BRDA:3,0,0,2
BRDA:3,0,1,3
BRDA:13,1,0,1
BRDA:13,1,1,3
BRDA:23,2,0,3
BRDA:23,2,1,1
BRF:6
BRH:6
end_of_record
TN:
SF:asyncronus/asyncronusPromise.js
FN:1,(anonymous_0)
FN:1,(anonymous_1)
FN:2,(anonymous_2)
FN:12,(anonymous_3)
FN:13,(anonymous_4)
FN:14,(anonymous_5)
FNF:6
FNH:5
FNDA:3,(anonymous_0)
FNDA:3,(anonymous_1)
FNDA:3,(anonymous_2)
FNDA:1,(anonymous_3)
FNDA:0,(anonymous_4)
FNDA:1,(anonymous_5)
DA:1,3
DA:2,3
DA:3,3
DA:4,3
DA:5,2
DA:6,2
DA:8,1
DA:12,1
DA:13,0
DA:14,1
DA:16,1
LF:11
LH:10
BRDA:4,0,0,2
BRDA:4,0,1,1
BRDA:12,1,0,0
BRF:3
BRH:2
end_of_record
